  main.cpp
c:\users\is-1\desktop\shootingis\shootingis\render.h(36): warning C4838: 'int'에서 'SHORT'(으)로의 변환에는 축소 변환이 필요합니다.
c:\users\is-1\desktop\shootingis\shootingis\bullet.h(19): warning C4305: '초기화 중': 'double'에서 'float'(으)로 잘립니다.
c:\users\is-1\desktop\shootingis\shootingis\bullet.h(53): warning C4305: '초기화 중': 'double'에서 'float'(으)로 잘립니다.
c:\users\is-1\desktop\shootingis\shootingis\bullet.h(57): warning C4244: '인수': 'double'에서 'float'(으)로 변환하면서 데이터가 손실될 수 있습니다.
c:\users\is-1\desktop\shootingis\shootingis\bullet.h(84): warning C4244: '인수': 'float'에서 'int'(으)로 변환하면서 데이터가 손실될 수 있습니다.
c:\users\is-1\desktop\shootingis\shootingis\bullet.h(90): warning C4244: '인수': 'float'에서 'int'(으)로 변환하면서 데이터가 손실될 수 있습니다.
c:\users\is-1\desktop\shootingis\shootingis\circlepatton.h(60): warning C4244: '인수': 'int'에서 'float'(으)로 변환하면서 데이터가 손실될 수 있습니다.
c:\users\is-1\desktop\shootingis\shootingis\monster.h(17): warning C4305: '초기화 중': 'double'에서 'float'(으)로 잘립니다.
c:\users\is-1\desktop\shootingis\shootingis\monster.h(25): warning C4244: '초기화 중': 'int'에서 'float'(으)로 변환하면서 데이터가 손실될 수 있습니다.
c:\users\is-1\desktop\shootingis\shootingis\monster.h(37): warning C4244: '=': 'int'에서 'float'(으)로 변환하면서 데이터가 손실될 수 있습니다.
c:\users\is-1\desktop\shootingis\shootingis\monster.h(38): warning C4244: '=': 'int'에서 'float'(으)로 변환하면서 데이터가 손실될 수 있습니다.
c:\users\is-1\desktop\shootingis\shootingis\monster.h(41): warning C4244: '인수': 'float'에서 'int'(으)로 변환하면서 데이터가 손실될 수 있습니다.
c:\users\is-1\desktop\shootingis\shootingis\monster.h(62): warning C4244: '=': 'double'에서 'float'(으)로 변환하면서 데이터가 손실될 수 있습니다.
c:\users\is-1\desktop\shootingis\shootingis\monster.h(89): warning C4244: '인수': 'float'에서 'int'(으)로 변환하면서 데이터가 손실될 수 있습니다.
c:\users\is-1\desktop\shootingis\shootingis\main.cpp(9): warning C4005: 'delta_time': 매크로 재정의
  c:\users\is-1\desktop\shootingis\shootingis\render.h(5): note: 'delta_time'의 이전 정의를 참조하십시오.
c:\users\is-1\desktop\shootingis\shootingis\main.cpp(344): warning C4244: '인수': 'double'에서 'int'(으)로 변환하면서 데이터가 손실될 수 있습니다.
  ShootingIS.vcxproj -> C:\Users\IS-1\Desktop\ShootingIS\Debug\ShootingIS.exe
  ShootingIS.vcxproj -> C:\Users\IS-1\Desktop\ShootingIS\Debug\ShootingIS.pdb (Partial PDB)
