  main.cpp
c:\users\is-1\desktop\shootingis\shootingis\Render.h(36): warning C4838: 'int'에서 'SHORT'(으)로의 변환에는 축소 변환이 필요합니다.
c:\users\is-1\desktop\shootingis\shootingis\Bullet.h(19): warning C4305: '초기화 중': 'double'에서 'float'(으)로 잘립니다.
c:\users\is-1\desktop\shootingis\shootingis\Bullet.h(53): warning C4305: '초기화 중': 'double'에서 'float'(으)로 잘립니다.
c:\users\is-1\desktop\shootingis\shootingis\Bullet.h(57): warning C4244: '인수': 'double'에서 'float'(으)로 변환하면서 데이터가 손실될 수 있습니다.
c:\users\is-1\desktop\shootingis\shootingis\Bullet.h(84): warning C4244: '인수': 'float'에서 'int'(으)로 변환하면서 데이터가 손실될 수 있습니다.
c:\users\is-1\desktop\shootingis\shootingis\Bullet.h(90): warning C4244: '인수': 'float'에서 'int'(으)로 변환하면서 데이터가 손실될 수 있습니다.
c:\users\is-1\desktop\shootingis\shootingis\CirclePatton.h(60): warning C4244: '인수': 'int'에서 'float'(으)로 변환하면서 데이터가 손실될 수 있습니다.
c:\users\is-1\desktop\shootingis\shootingis\Monster.h(17): warning C4305: '초기화 중': 'double'에서 'float'(으)로 잘립니다.
c:\users\is-1\desktop\shootingis\shootingis\Monster.h(25): warning C4244: '초기화 중': 'int'에서 'float'(으)로 변환하면서 데이터가 손실될 수 있습니다.
c:\users\is-1\desktop\shootingis\shootingis\Monster.h(37): warning C4244: '=': 'int'에서 'float'(으)로 변환하면서 데이터가 손실될 수 있습니다.
c:\users\is-1\desktop\shootingis\shootingis\Monster.h(38): warning C4244: '=': 'int'에서 'float'(으)로 변환하면서 데이터가 손실될 수 있습니다.
c:\users\is-1\desktop\shootingis\shootingis\Monster.h(41): warning C4244: '인수': 'float'에서 'int'(으)로 변환하면서 데이터가 손실될 수 있습니다.
c:\users\is-1\desktop\shootingis\shootingis\Monster.h(62): warning C4244: '=': 'double'에서 'float'(으)로 변환하면서 데이터가 손실될 수 있습니다.
c:\users\is-1\desktop\shootingis\shootingis\Monster.h(89): warning C4244: '인수': 'float'에서 'int'(으)로 변환하면서 데이터가 손실될 수 있습니다.
main.cpp(9): warning C4005: 'delta_time': 매크로 재정의
  c:\users\is-1\desktop\shootingis\shootingis\Render.h(5): note: 'delta_time'의 이전 정의를 참조하십시오.
main.cpp(344): warning C4244: '인수': 'double'에서 'int'(으)로 변환하면서 데이터가 손실될 수 있습니다.
  코드를 생성하고 있습니다.
  0 of 49 functions ( 0.0%) were compiled, the rest were copied from previous compilation.
    0 functions were new in current compilation
    0 functions had inline decision re-evaluated but remain unchanged
  코드를 생성했습니다.
  ShootingIS.vcxproj -> C:\Users\IS-1\Desktop\ShootingIS\Release\ShootingIS.exe
